The system is: Linux - 4.18.0-552.1.1.el8.x86_64 - x86_64
Compiling the C compiler identification source file "CMakeCCompilerId.c" succeeded.
Compiler: /home/tool/gcc/gcc-10.3.0/bin/gcc 
Build flags: 
Id flags:  

The output was:
0


Compilation of the C compiler identification source "CMakeCCompilerId.c" produced "a.out"

The C compiler identification is GNU, found in "/home/memzfs_projects/sdcGen/RL-STDGen/DP-placer/MAKE/PLACE/csyn_fp/build/CMakeFiles/3.18.0-rc2/CompilerIdC/a.out"

Compiling the CXX compiler identification source file "CMakeCXXCompilerId.cpp" succeeded.
Compiler: /home/tool/gcc/gcc-10.3.0/bin/g++ 
Build flags: 
Id flags:  

The output was:
0


Compilation of the CXX compiler identification source "CMakeCXXCompilerId.cpp" produced "a.out"

The CXX compiler identification is GNU, found in "/home/memzfs_projects/sdcGen/RL-STDGen/DP-placer/MAKE/PLACE/csyn_fp/build/CMakeFiles/3.18.0-rc2/CompilerIdCXX/a.out"

Detecting C compiler ABI info compiled with the following output:
Change Dir: /home/memzfs_projects/sdcGen/RL-STDGen/DP-placer/MAKE/PLACE/csyn_fp/build/CMakeFiles/CMakeTmp

Run Build Command(s):/usr/bin/gmake cmTC_9296b/fast && gmake: Warning: File 'Makefile' has modification time 0.92 s in the future
/usr/bin/gmake  -f CMakeFiles/cmTC_9296b.dir/build.make CMakeFiles/cmTC_9296b.dir/build
gmake[1]: Entering directory '/home/memzfs_projects/sdcGen/RL-STDGen/DP-placer/MAKE/PLACE/csyn_fp/build/CMakeFiles/CMakeTmp'
gmake[1]: Warning: File 'CMakeFiles/cmTC_9296b.dir/flags.make' has modification time 0.91 s in the future
Building C object CMakeFiles/cmTC_9296b.dir/CMakeCCompilerABI.c.o
/home/tool/gcc/gcc-10.3.0/bin/gcc   -v -o CMakeFiles/cmTC_9296b.dir/CMakeCCompilerABI.c.o -c /home/tool/cmake/cmake-3.18.0-rc2-Linux-x86_64/share/cmake-3.18/Modules/CMakeCCompilerABI.c
Using built-in specs.
COLLECT_GCC=/home/tool/gcc/gcc-10.3.0/bin/gcc
Target: x86_64-pc-linux-gnu
Configured with: ../gcc-10.3.0/configure --prefix=/home/tool/gcc/gcc-10.3.0
Thread model: posix
Supported LTO compression algorithms: zlib
gcc version 10.3.0 (GCC) 
COLLECT_GCC_OPTIONS='-v' '-o' 'CMakeFiles/cmTC_9296b.dir/CMakeCCompilerABI.c.o' '-c' '-mtune=generic' '-march=x86-64'
 /home/tool/gcc/gcc-10.3.0/libexec/gcc/x86_64-pc-linux-gnu/10.3.0/cc1 -quiet -v /home/tool/cmake/cmake-3.18.0-rc2-Linux-x86_64/share/cmake-3.18/Modules/CMakeCCompilerABI.c -quiet -dumpbase CMakeCCompilerABI.c -mtune=generic -march=x86-64 -auxbase-strip CMakeFiles/cmTC_9296b.dir/CMakeCCompilerABI.c.o -version -o /tmp/cc3zLi82.s
GNU C17 (GCC) version 10.3.0 (x86_64-pc-linux-gnu)
	compiled by GNU C version 10.3.0, GMP version 6.1.0, MPFR version 3.1.4, MPC version 1.0.3, isl version isl-0.18-GMP

GGC heuristics: --param ggc-min-expand=100 --param ggc-min-heapsize=131072
ignoring nonexistent directory "/home/tool/gcc/gcc-10.3.0/lib/gcc/x86_64-pc-linux-gnu/10.3.0/../../../../x86_64-pc-linux-gnu/include"
#include "..." search starts here:
#include <...> search starts here:
 /home/tool/gcc/gcc-10.3.0/lib/gcc/x86_64-pc-linux-gnu/10.3.0/include
 /usr/local/include
 /home/tool/gcc/gcc-10.3.0/include
 /home/tool/gcc/gcc-10.3.0/lib/gcc/x86_64-pc-linux-gnu/10.3.0/include-fixed
 /usr/include
End of search list.
GNU C17 (GCC) version 10.3.0 (x86_64-pc-linux-gnu)
	compiled by GNU C version 10.3.0, GMP version 6.1.0, MPFR version 3.1.4, MPC version 1.0.3, isl version isl-0.18-GMP

GGC heuristics: --param ggc-min-expand=100 --param ggc-min-heapsize=131072
Compiler executable checksum: 89d07c417e4d9b40c14dab69683a9b74
COLLECT_GCC_OPTIONS='-v' '-o' 'CMakeFiles/cmTC_9296b.dir/CMakeCCompilerABI.c.o' '-c' '-mtune=generic' '-march=x86-64'
 as -v --64 -o CMakeFiles/cmTC_9296b.dir/CMakeCCompilerABI.c.o /tmp/cc3zLi82.s
GNU assembler version 2.30 (x86_64-redhat-linux) using BFD version version 2.30-123.el8
COMPILER_PATH=/home/tool/gcc/gcc-10.3.0/libexec/gcc/x86_64-pc-linux-gnu/10.3.0/:/home/tool/gcc/gcc-10.3.0/libexec/gcc/x86_64-pc-linux-gnu/10.3.0/:/home/tool/gcc/gcc-10.3.0/libexec/gcc/x86_64-pc-linux-gnu/:/home/tool/gcc/gcc-10.3.0/lib/gcc/x86_64-pc-linux-gnu/10.3.0/:/home/tool/gcc/gcc-10.3.0/lib/gcc/x86_64-pc-linux-gnu/
LIBRARY_PATH=/home/tool/gcc/gcc-10.3.0/lib64/../lib64/:/home/tool/gcc/gcc-10.3.0/lib/../lib64/:/home/tool/gcc/gcc-10.3.0/lib/gcc/x86_64-pc-linux-gnu/10.3.0/:/home/tool/gcc/gcc-10.3.0/lib/gcc/x86_64-pc-linux-gnu/10.3.0/../../../../lib64/:/lib/../lib64/:/usr/lib/../lib64/:/home/tool/gcc/gcc-10.3.0/lib64/:/home/tool/gcc/gcc-10.3.0/lib/:/home/tool/gcc/gcc-10.3.0/lib/gcc/x86_64-pc-linux-gnu/10.3.0/../../../:/lib/:/usr/lib/
COLLECT_GCC_OPTIONS='-v' '-o' 'CMakeFiles/cmTC_9296b.dir/CMakeCCompilerABI.c.o' '-c' '-mtune=generic' '-march=x86-64'
Linking C executable cmTC_9296b
/home/tool/cmake/cmake-3.18.0-rc2-Linux-x86_64/bin/cmake -E cmake_link_script CMakeFiles/cmTC_9296b.dir/link.txt --verbose=1
/home/tool/gcc/gcc-10.3.0/bin/gcc  -v -rdynamic CMakeFiles/cmTC_9296b.dir/CMakeCCompilerABI.c.o -o cmTC_9296b 
Using built-in specs.
COLLECT_GCC=/home/tool/gcc/gcc-10.3.0/bin/gcc
COLLECT_LTO_WRAPPER=/home/tool/gcc/gcc-10.3.0/libexec/gcc/x86_64-pc-linux-gnu/10.3.0/lto-wrapper
Target: x86_64-pc-linux-gnu
Configured with: ../gcc-10.3.0/configure --prefix=/home/tool/gcc/gcc-10.3.0
Thread model: posix
Supported LTO compression algorithms: zlib
gcc version 10.3.0 (GCC) 
COMPILER_PATH=/home/tool/gcc/gcc-10.3.0/libexec/gcc/x86_64-pc-linux-gnu/10.3.0/:/home/tool/gcc/gcc-10.3.0/libexec/gcc/x86_64-pc-linux-gnu/10.3.0/:/home/tool/gcc/gcc-10.3.0/libexec/gcc/x86_64-pc-linux-gnu/:/home/tool/gcc/gcc-10.3.0/lib/gcc/x86_64-pc-linux-gnu/10.3.0/:/home/tool/gcc/gcc-10.3.0/lib/gcc/x86_64-pc-linux-gnu/
LIBRARY_PATH=/home/tool/gcc/gcc-10.3.0/lib64/../lib64/:/home/tool/gcc/gcc-10.3.0/lib/../lib64/:/home/tool/gcc/gcc-10.3.0/lib/gcc/x86_64-pc-linux-gnu/10.3.0/:/home/tool/gcc/gcc-10.3.0/lib/gcc/x86_64-pc-linux-gnu/10.3.0/../../../../lib64/:/lib/../lib64/:/usr/lib/../lib64/:/home/tool/gcc/gcc-10.3.0/lib64/:/home/tool/gcc/gcc-10.3.0/lib/:/home/tool/gcc/gcc-10.3.0/lib/gcc/x86_64-pc-linux-gnu/10.3.0/../../../:/lib/:/usr/lib/
COLLECT_GCC_OPTIONS='-v' '-rdynamic' '-o' 'cmTC_9296b' '-mtune=generic' '-march=x86-64'
 /home/tool/gcc/gcc-10.3.0/libexec/gcc/x86_64-pc-linux-gnu/10.3.0/collect2 -plugin /home/tool/gcc/gcc-10.3.0/libexec/gcc/x86_64-pc-linux-gnu/10.3.0/liblto_plugin.so -plugin-opt=/home/tool/gcc/gcc-10.3.0/libexec/gcc/x86_64-pc-linux-gnu/10.3.0/lto-wrapper -plugin-opt=-fresolution=/tmp/ccyjLrmP.res -plugin-opt=-pass-through=-lgcc -plugin-opt=-pass-through=-lgcc_s -plugin-opt=-pass-through=-lc -plugin-opt=-pass-through=-lgcc -plugin-opt=-pass-through=-lgcc_s --eh-frame-hdr -m elf_x86_64 -export-dynamic -dynamic-linker /lib64/ld-linux-x86-64.so.2 -o cmTC_9296b /lib/../lib64/crt1.o /lib/../lib64/crti.o /home/tool/gcc/gcc-10.3.0/lib/gcc/x86_64-pc-linux-gnu/10.3.0/crtbegin.o -L/home/tool/gcc/gcc-10.3.0/lib64/../lib64 -L/home/tool/gcc/gcc-10.3.0/lib/../lib64 -L/home/tool/gcc/gcc-10.3.0/lib/gcc/x86_64-pc-linux-gnu/10.3.0 -L/home/tool/gcc/gcc-10.3.0/lib/gcc/x86_64-pc-linux-gnu/10.3.0/../../../../lib64 -L/lib/../lib64 -L/usr/lib/../lib64 -L/home/tool/gcc/gcc-10.3.0/lib64 -L/home/tool/gcc/gcc-10.3.0/lib -L/home/tool/gcc/gcc-10.3.0/lib/gcc/x86_64-pc-linux-gnu/10.3.0/../../.. CMakeFiles/cmTC_9296b.dir/CMakeCCompilerABI.c.o -lgcc --as-needed -lgcc_s --no-as-needed -lc -lgcc --as-needed -lgcc_s --no-as-needed /home/tool/gcc/gcc-10.3.0/lib/gcc/x86_64-pc-linux-gnu/10.3.0/crtend.o /lib/../lib64/crtn.o
COLLECT_GCC_OPTIONS='-v' '-rdynamic' '-o' 'cmTC_9296b' '-mtune=generic' '-march=x86-64'
gmake[1]: warning:  Clock skew detected.  Your build may be incomplete.
gmake[1]: Leaving directory '/home/memzfs_projects/sdcGen/RL-STDGen/DP-placer/MAKE/PLACE/csyn_fp/build/CMakeFiles/CMakeTmp'
gmake: warning:  Clock skew detected.  Your build may be incomplete.



Parsed C implicit include dir info from above output: rv=done
  found start of include info
  found start of implicit include info
    add: [/home/tool/gcc/gcc-10.3.0/lib/gcc/x86_64-pc-linux-gnu/10.3.0/include]
    add: [/usr/local/include]
    add: [/home/tool/gcc/gcc-10.3.0/include]
    add: [/home/tool/gcc/gcc-10.3.0/lib/gcc/x86_64-pc-linux-gnu/10.3.0/include-fixed]
    add: [/usr/include]
  end of search list found
  collapse include dir [/home/tool/gcc/gcc-10.3.0/lib/gcc/x86_64-pc-linux-gnu/10.3.0/include] ==> [/home/tool/gcc/gcc-10.3.0/lib/gcc/x86_64-pc-linux-gnu/10.3.0/include]
  collapse include dir [/usr/local/include] ==> [/usr/local/include]
  collapse include dir [/home/tool/gcc/gcc-10.3.0/include] ==> [/home/tool/gcc/gcc-10.3.0/include]
  collapse include dir [/home/tool/gcc/gcc-10.3.0/lib/gcc/x86_64-pc-linux-gnu/10.3.0/include-fixed] ==> [/home/tool/gcc/gcc-10.3.0/lib/gcc/x86_64-pc-linux-gnu/10.3.0/include-fixed]
  collapse include dir [/usr/include] ==> [/usr/include]
  implicit include dirs: [/home/tool/gcc/gcc-10.3.0/lib/gcc/x86_64-pc-linux-gnu/10.3.0/include;/usr/local/include;/home/tool/gcc/gcc-10.3.0/include;/home/tool/gcc/gcc-10.3.0/lib/gcc/x86_64-pc-linux-gnu/10.3.0/include-fixed;/usr/include]


Parsed C implicit link information from above output:
  link line regex: [^( *|.*[/\])(ld|CMAKE_LINK_STARTFILE-NOTFOUND|([^/\]+-)?ld|collect2)[^/\]*( |$)]
  ignore line: [Change Dir: /home/memzfs_projects/sdcGen/RL-STDGen/DP-placer/MAKE/PLACE/csyn_fp/build/CMakeFiles/CMakeTmp]
  ignore line: []
  ignore line: [Run Build Command(s):/usr/bin/gmake cmTC_9296b/fast && gmake: Warning: File 'Makefile' has modification time 0.92 s in the future]
  ignore line: [/usr/bin/gmake  -f CMakeFiles/cmTC_9296b.dir/build.make CMakeFiles/cmTC_9296b.dir/build]
  ignore line: [gmake[1]: Entering directory '/home/memzfs_projects/sdcGen/RL-STDGen/DP-placer/MAKE/PLACE/csyn_fp/build/CMakeFiles/CMakeTmp']
  ignore line: [gmake[1]: Warning: File 'CMakeFiles/cmTC_9296b.dir/flags.make' has modification time 0.91 s in the future]
  ignore line: [Building C object CMakeFiles/cmTC_9296b.dir/CMakeCCompilerABI.c.o]
  ignore line: [/home/tool/gcc/gcc-10.3.0/bin/gcc   -v -o CMakeFiles/cmTC_9296b.dir/CMakeCCompilerABI.c.o -c /home/tool/cmake/cmake-3.18.0-rc2-Linux-x86_64/share/cmake-3.18/Modules/CMakeCCompilerABI.c]
  ignore line: [Using built-in specs.]
  ignore line: [COLLECT_GCC=/home/tool/gcc/gcc-10.3.0/bin/gcc]
  ignore line: [Target: x86_64-pc-linux-gnu]
  ignore line: [Configured with: ../gcc-10.3.0/configure --prefix=/home/tool/gcc/gcc-10.3.0]
  ignore line: [Thread model: posix]
  ignore line: [Supported LTO compression algorithms: zlib]
  ignore line: [gcc version 10.3.0 (GCC) ]
  ignore line: [COLLECT_GCC_OPTIONS='-v' '-o' 'CMakeFiles/cmTC_9296b.dir/CMakeCCompilerABI.c.o' '-c' '-mtune=generic' '-march=x86-64']
  ignore line: [ /home/tool/gcc/gcc-10.3.0/libexec/gcc/x86_64-pc-linux-gnu/10.3.0/cc1 -quiet -v /home/tool/cmake/cmake-3.18.0-rc2-Linux-x86_64/share/cmake-3.18/Modules/CMakeCCompilerABI.c -quiet -dumpbase CMakeCCompilerABI.c -mtune=generic -march=x86-64 -auxbase-strip CMakeFiles/cmTC_9296b.dir/CMakeCCompilerABI.c.o -version -o /tmp/cc3zLi82.s]
  ignore line: [GNU C17 (GCC) version 10.3.0 (x86_64-pc-linux-gnu)]
  ignore line: [	compiled by GNU C version 10.3.0  GMP version 6.1.0  MPFR version 3.1.4  MPC version 1.0.3  isl version isl-0.18-GMP]
  ignore line: []
  ignore line: [GGC heuristics: --param ggc-min-expand=100 --param ggc-min-heapsize=131072]
  ignore line: [ignoring nonexistent directory "/home/tool/gcc/gcc-10.3.0/lib/gcc/x86_64-pc-linux-gnu/10.3.0/../../../../x86_64-pc-linux-gnu/include"]
  ignore line: [#include "..." search starts here:]
  ignore line: [#include <...> search starts here:]
  ignore line: [ /home/tool/gcc/gcc-10.3.0/lib/gcc/x86_64-pc-linux-gnu/10.3.0/include]
  ignore line: [ /usr/local/include]
  ignore line: [ /home/tool/gcc/gcc-10.3.0/include]
  ignore line: [ /home/tool/gcc/gcc-10.3.0/lib/gcc/x86_64-pc-linux-gnu/10.3.0/include-fixed]
  ignore line: [ /usr/include]
  ignore line: [End of search list.]
  ignore line: [GNU C17 (GCC) version 10.3.0 (x86_64-pc-linux-gnu)]
  ignore line: [	compiled by GNU C version 10.3.0  GMP version 6.1.0  MPFR version 3.1.4  MPC version 1.0.3  isl version isl-0.18-GMP]
  ignore line: []
  ignore line: [GGC heuristics: --param ggc-min-expand=100 --param ggc-min-heapsize=131072]
  ignore line: [Compiler executable checksum: 89d07c417e4d9b40c14dab69683a9b74]
  ignore line: [COLLECT_GCC_OPTIONS='-v' '-o' 'CMakeFiles/cmTC_9296b.dir/CMakeCCompilerABI.c.o' '-c' '-mtune=generic' '-march=x86-64']
  ignore line: [ as -v --64 -o CMakeFiles/cmTC_9296b.dir/CMakeCCompilerABI.c.o /tmp/cc3zLi82.s]
  ignore line: [GNU assembler version 2.30 (x86_64-redhat-linux) using BFD version version 2.30-123.el8]
  ignore line: [COMPILER_PATH=/home/tool/gcc/gcc-10.3.0/libexec/gcc/x86_64-pc-linux-gnu/10.3.0/:/home/tool/gcc/gcc-10.3.0/libexec/gcc/x86_64-pc-linux-gnu/10.3.0/:/home/tool/gcc/gcc-10.3.0/libexec/gcc/x86_64-pc-linux-gnu/:/home/tool/gcc/gcc-10.3.0/lib/gcc/x86_64-pc-linux-gnu/10.3.0/:/home/tool/gcc/gcc-10.3.0/lib/gcc/x86_64-pc-linux-gnu/]
  ignore line: [LIBRARY_PATH=/home/tool/gcc/gcc-10.3.0/lib64/../lib64/:/home/tool/gcc/gcc-10.3.0/lib/../lib64/:/home/tool/gcc/gcc-10.3.0/lib/gcc/x86_64-pc-linux-gnu/10.3.0/:/home/tool/gcc/gcc-10.3.0/lib/gcc/x86_64-pc-linux-gnu/10.3.0/../../../../lib64/:/lib/../lib64/:/usr/lib/../lib64/:/home/tool/gcc/gcc-10.3.0/lib64/:/home/tool/gcc/gcc-10.3.0/lib/:/home/tool/gcc/gcc-10.3.0/lib/gcc/x86_64-pc-linux-gnu/10.3.0/../../../:/lib/:/usr/lib/]
  ignore line: [COLLECT_GCC_OPTIONS='-v' '-o' 'CMakeFiles/cmTC_9296b.dir/CMakeCCompilerABI.c.o' '-c' '-mtune=generic' '-march=x86-64']
  ignore line: [Linking C executable cmTC_9296b]
  ignore line: [/home/tool/cmake/cmake-3.18.0-rc2-Linux-x86_64/bin/cmake -E cmake_link_script CMakeFiles/cmTC_9296b.dir/link.txt --verbose=1]
  ignore line: [/home/tool/gcc/gcc-10.3.0/bin/gcc  -v -rdynamic CMakeFiles/cmTC_9296b.dir/CMakeCCompilerABI.c.o -o cmTC_9296b ]
  ignore line: [Using built-in specs.]
  ignore line: [COLLECT_GCC=/home/tool/gcc/gcc-10.3.0/bin/gcc]
  ignore line: [COLLECT_LTO_WRAPPER=/home/tool/gcc/gcc-10.3.0/libexec/gcc/x86_64-pc-linux-gnu/10.3.0/lto-wrapper]
  ignore line: [Target: x86_64-pc-linux-gnu]
  ignore line: [Configured with: ../gcc-10.3.0/configure --prefix=/home/tool/gcc/gcc-10.3.0]
  ignore line: [Thread model: posix]
  ignore line: [Supported LTO compression algorithms: zlib]
  ignore line: [gcc version 10.3.0 (GCC) ]
  ignore line: [COMPILER_PATH=/home/tool/gcc/gcc-10.3.0/libexec/gcc/x86_64-pc-linux-gnu/10.3.0/:/home/tool/gcc/gcc-10.3.0/libexec/gcc/x86_64-pc-linux-gnu/10.3.0/:/home/tool/gcc/gcc-10.3.0/libexec/gcc/x86_64-pc-linux-gnu/:/home/tool/gcc/gcc-10.3.0/lib/gcc/x86_64-pc-linux-gnu/10.3.0/:/home/tool/gcc/gcc-10.3.0/lib/gcc/x86_64-pc-linux-gnu/]
  ignore line: [LIBRARY_PATH=/home/tool/gcc/gcc-10.3.0/lib64/../lib64/:/home/tool/gcc/gcc-10.3.0/lib/../lib64/:/home/tool/gcc/gcc-10.3.0/lib/gcc/x86_64-pc-linux-gnu/10.3.0/:/home/tool/gcc/gcc-10.3.0/lib/gcc/x86_64-pc-linux-gnu/10.3.0/../../../../lib64/:/lib/../lib64/:/usr/lib/../lib64/:/home/tool/gcc/gcc-10.3.0/lib64/:/home/tool/gcc/gcc-10.3.0/lib/:/home/tool/gcc/gcc-10.3.0/lib/gcc/x86_64-pc-linux-gnu/10.3.0/../../../:/lib/:/usr/lib/]
  ignore line: [COLLECT_GCC_OPTIONS='-v' '-rdynamic' '-o' 'cmTC_9296b' '-mtune=generic' '-march=x86-64']
  link line: [ /home/tool/gcc/gcc-10.3.0/libexec/gcc/x86_64-pc-linux-gnu/10.3.0/collect2 -plugin /home/tool/gcc/gcc-10.3.0/libexec/gcc/x86_64-pc-linux-gnu/10.3.0/liblto_plugin.so -plugin-opt=/home/tool/gcc/gcc-10.3.0/libexec/gcc/x86_64-pc-linux-gnu/10.3.0/lto-wrapper -plugin-opt=-fresolution=/tmp/ccyjLrmP.res -plugin-opt=-pass-through=-lgcc -plugin-opt=-pass-through=-lgcc_s -plugin-opt=-pass-through=-lc -plugin-opt=-pass-through=-lgcc -plugin-opt=-pass-through=-lgcc_s --eh-frame-hdr -m elf_x86_64 -export-dynamic -dynamic-linker /lib64/ld-linux-x86-64.so.2 -o cmTC_9296b /lib/../lib64/crt1.o /lib/../lib64/crti.o /home/tool/gcc/gcc-10.3.0/lib/gcc/x86_64-pc-linux-gnu/10.3.0/crtbegin.o -L/home/tool/gcc/gcc-10.3.0/lib64/../lib64 -L/home/tool/gcc/gcc-10.3.0/lib/../lib64 -L/home/tool/gcc/gcc-10.3.0/lib/gcc/x86_64-pc-linux-gnu/10.3.0 -L/home/tool/gcc/gcc-10.3.0/lib/gcc/x86_64-pc-linux-gnu/10.3.0/../../../../lib64 -L/lib/../lib64 -L/usr/lib/../lib64 -L/home/tool/gcc/gcc-10.3.0/lib64 -L/home/tool/gcc/gcc-10.3.0/lib -L/home/tool/gcc/gcc-10.3.0/lib/gcc/x86_64-pc-linux-gnu/10.3.0/../../.. CMakeFiles/cmTC_9296b.dir/CMakeCCompilerABI.c.o -lgcc --as-needed -lgcc_s --no-as-needed -lc -lgcc --as-needed -lgcc_s --no-as-needed /home/tool/gcc/gcc-10.3.0/lib/gcc/x86_64-pc-linux-gnu/10.3.0/crtend.o /lib/../lib64/crtn.o]
    arg [/home/tool/gcc/gcc-10.3.0/libexec/gcc/x86_64-pc-linux-gnu/10.3.0/collect2] ==> ignore
    arg [-plugin] ==> ignore
    arg [/home/tool/gcc/gcc-10.3.0/libexec/gcc/x86_64-pc-linux-gnu/10.3.0/liblto_plugin.so] ==> ignore
    arg [-plugin-opt=/home/tool/gcc/gcc-10.3.0/libexec/gcc/x86_64-pc-linux-gnu/10.3.0/lto-wrapper] ==> ignore
    arg [-plugin-opt=-fresolution=/tmp/ccyjLrmP.res] ==> ignore
    arg [-plugin-opt=-pass-through=-lgcc] ==> ignore
    arg [-plugin-opt=-pass-through=-lgcc_s] ==> ignore
    arg [-plugin-opt=-pass-through=-lc] ==> ignore
    arg [-plugin-opt=-pass-through=-lgcc] ==> ignore
    arg [-plugin-opt=-pass-through=-lgcc_s] ==> ignore
    arg [--eh-frame-hdr] ==> ignore
    arg [-m] ==> ignore
    arg [elf_x86_64] ==> ignore
    arg [-export-dynamic] ==> ignore
    arg [-dynamic-linker] ==> ignore
    arg [/lib64/ld-linux-x86-64.so.2] ==> ignore
    arg [-o] ==> ignore
    arg [cmTC_9296b] ==> ignore
    arg [/lib/../lib64/crt1.o] ==> ignore
    arg [/lib/../lib64/crti.o] ==> ignore
    arg [/home/tool/gcc/gcc-10.3.0/lib/gcc/x86_64-pc-linux-gnu/10.3.0/crtbegin.o] ==> ignore
    arg [-L/home/tool/gcc/gcc-10.3.0/lib64/../lib64] ==> dir [/home/tool/gcc/gcc-10.3.0/lib64/../lib64]
    arg [-L/home/tool/gcc/gcc-10.3.0/lib/../lib64] ==> dir [/home/tool/gcc/gcc-10.3.0/lib/../lib64]
    arg [-L/home/tool/gcc/gcc-10.3.0/lib/gcc/x86_64-pc-linux-gnu/10.3.0] ==> dir [/home/tool/gcc/gcc-10.3.0/lib/gcc/x86_64-pc-linux-gnu/10.3.0]
    arg [-L/home/tool/gcc/gcc-10.3.0/lib/gcc/x86_64-pc-linux-gnu/10.3.0/../../../../lib64] ==> dir [/home/tool/gcc/gcc-10.3.0/lib/gcc/x86_64-pc-linux-gnu/10.3.0/../../../../lib64]
    arg [-L/lib/../lib64] ==> dir [/lib/../lib64]
    arg [-L/usr/lib/../lib64] ==> dir [/usr/lib/../lib64]
    arg [-L/home/tool/gcc/gcc-10.3.0/lib64] ==> dir [/home/tool/gcc/gcc-10.3.0/lib64]
    arg [-L/home/tool/gcc/gcc-10.3.0/lib] ==> dir [/home/tool/gcc/gcc-10.3.0/lib]
    arg [-L/home/tool/gcc/gcc-10.3.0/lib/gcc/x86_64-pc-linux-gnu/10.3.0/../../..] ==> dir [/home/tool/gcc/gcc-10.3.0/lib/gcc/x86_64-pc-linux-gnu/10.3.0/../../..]
    arg [CMakeFiles/cmTC_9296b.dir/CMakeCCompilerABI.c.o] ==> ignore
    arg [-lgcc] ==> lib [gcc]
    arg [--as-needed] ==> ignore
    arg [-lgcc_s] ==> lib [gcc_s]
    arg [--no-as-needed] ==> ignore
    arg [-lc] ==> lib [c]
    arg [-lgcc] ==> lib [gcc]
    arg [--as-needed] ==> ignore
    arg [-lgcc_s] ==> lib [gcc_s]
    arg [--no-as-needed] ==> ignore
    arg [/home/tool/gcc/gcc-10.3.0/lib/gcc/x86_64-pc-linux-gnu/10.3.0/crtend.o] ==> ignore
    arg [/lib/../lib64/crtn.o] ==> ignore
  collapse library dir [/home/tool/gcc/gcc-10.3.0/lib64/../lib64] ==> [/home/tool/gcc/gcc-10.3.0/lib64]
  collapse library dir [/home/tool/gcc/gcc-10.3.0/lib/../lib64] ==> [/home/tool/gcc/gcc-10.3.0/lib64]
  collapse library dir [/home/tool/gcc/gcc-10.3.0/lib/gcc/x86_64-pc-linux-gnu/10.3.0] ==> [/home/tool/gcc/gcc-10.3.0/lib/gcc/x86_64-pc-linux-gnu/10.3.0]
  collapse library dir [/home/tool/gcc/gcc-10.3.0/lib/gcc/x86_64-pc-linux-gnu/10.3.0/../../../../lib64] ==> [/home/tool/gcc/gcc-10.3.0/lib64]
  collapse library dir [/lib/../lib64] ==> [/lib64]
  collapse library dir [/usr/lib/../lib64] ==> [/usr/lib64]
  collapse library dir [/home/tool/gcc/gcc-10.3.0/lib64] ==> [/home/tool/gcc/gcc-10.3.0/lib64]
  collapse library dir [/home/tool/gcc/gcc-10.3.0/lib] ==> [/home/tool/gcc/gcc-10.3.0/lib]
  collapse library dir [/home/tool/gcc/gcc-10.3.0/lib/gcc/x86_64-pc-linux-gnu/10.3.0/../../..] ==> [/home/tool/gcc/gcc-10.3.0/lib]
  implicit libs: [gcc;gcc_s;c;gcc;gcc_s]
  implicit dirs: [/home/tool/gcc/gcc-10.3.0/lib64;/home/tool/gcc/gcc-10.3.0/lib/gcc/x86_64-pc-linux-gnu/10.3.0;/lib64;/usr/lib64;/home/tool/gcc/gcc-10.3.0/lib]
  implicit fwks: []


Detecting CXX compiler ABI info compiled with the following output:
Change Dir: /home/memzfs_projects/sdcGen/RL-STDGen/DP-placer/MAKE/PLACE/csyn_fp/build/CMakeFiles/CMakeTmp

Run Build Command(s):/usr/bin/gmake cmTC_eb6a0/fast && gmake: Warning: File 'Makefile' has modification time 0.92 s in the future
/usr/bin/gmake  -f CMakeFiles/cmTC_eb6a0.dir/build.make CMakeFiles/cmTC_eb6a0.dir/build
gmake[1]: Entering directory '/home/memzfs_projects/sdcGen/RL-STDGen/DP-placer/MAKE/PLACE/csyn_fp/build/CMakeFiles/CMakeTmp'
gmake[1]: Warning: File 'CMakeFiles/cmTC_eb6a0.dir/flags.make' has modification time 0.91 s in the future
Building CXX object CMakeFiles/cmTC_eb6a0.dir/CMakeCXXCompilerABI.cpp.o
/home/tool/gcc/gcc-10.3.0/bin/g++   -v -o CMakeFiles/cmTC_eb6a0.dir/CMakeCXXCompilerABI.cpp.o -c /home/tool/cmake/cmake-3.18.0-rc2-Linux-x86_64/share/cmake-3.18/Modules/CMakeCXXCompilerABI.cpp
Using built-in specs.
COLLECT_GCC=/home/tool/gcc/gcc-10.3.0/bin/g++
Target: x86_64-pc-linux-gnu
Configured with: ../gcc-10.3.0/configure --prefix=/home/tool/gcc/gcc-10.3.0
Thread model: posix
Supported LTO compression algorithms: zlib
gcc version 10.3.0 (GCC) 
COLLECT_GCC_OPTIONS='-v' '-o' 'CMakeFiles/cmTC_eb6a0.dir/CMakeCXXCompilerABI.cpp.o' '-c' '-shared-libgcc' '-mtune=generic' '-march=x86-64'
 /home/tool/gcc/gcc-10.3.0/libexec/gcc/x86_64-pc-linux-gnu/10.3.0/cc1plus -quiet -v -D_GNU_SOURCE /home/tool/cmake/cmake-3.18.0-rc2-Linux-x86_64/share/cmake-3.18/Modules/CMakeCXXCompilerABI.cpp -quiet -dumpbase CMakeCXXCompilerABI.cpp -mtune=generic -march=x86-64 -auxbase-strip CMakeFiles/cmTC_eb6a0.dir/CMakeCXXCompilerABI.cpp.o -version -o /tmp/cc8HvSzM.s
GNU C++14 (GCC) version 10.3.0 (x86_64-pc-linux-gnu)
	compiled by GNU C version 10.3.0, GMP version 6.1.0, MPFR version 3.1.4, MPC version 1.0.3, isl version isl-0.18-GMP

GGC heuristics: --param ggc-min-expand=100 --param ggc-min-heapsize=131072
ignoring nonexistent directory "/home/tool/gcc/gcc-10.3.0/lib/gcc/x86_64-pc-linux-gnu/10.3.0/../../../../x86_64-pc-linux-gnu/include"
#include "..." search starts here:
#include <...> search starts here:
 /home/tool/gcc/gcc-10.3.0/lib/gcc/x86_64-pc-linux-gnu/10.3.0/../../../../include/c++/10.3.0
 /home/tool/gcc/gcc-10.3.0/lib/gcc/x86_64-pc-linux-gnu/10.3.0/../../../../include/c++/10.3.0/x86_64-pc-linux-gnu
 /home/tool/gcc/gcc-10.3.0/lib/gcc/x86_64-pc-linux-gnu/10.3.0/../../../../include/c++/10.3.0/backward
 /home/tool/gcc/gcc-10.3.0/lib/gcc/x86_64-pc-linux-gnu/10.3.0/include
 /usr/local/include
 /home/tool/gcc/gcc-10.3.0/include
 /home/tool/gcc/gcc-10.3.0/lib/gcc/x86_64-pc-linux-gnu/10.3.0/include-fixed
 /usr/include
End of search list.
GNU C++14 (GCC) version 10.3.0 (x86_64-pc-linux-gnu)
	compiled by GNU C version 10.3.0, GMP version 6.1.0, MPFR version 3.1.4, MPC version 1.0.3, isl version isl-0.18-GMP

GGC heuristics: --param ggc-min-expand=100 --param ggc-min-heapsize=131072
Compiler executable checksum: aadd4f03b5f91241e696d631ff85abe7
COLLECT_GCC_OPTIONS='-v' '-o' 'CMakeFiles/cmTC_eb6a0.dir/CMakeCXXCompilerABI.cpp.o' '-c' '-shared-libgcc' '-mtune=generic' '-march=x86-64'
 as -v --64 -o CMakeFiles/cmTC_eb6a0.dir/CMakeCXXCompilerABI.cpp.o /tmp/cc8HvSzM.s
GNU assembler version 2.30 (x86_64-redhat-linux) using BFD version version 2.30-123.el8
COMPILER_PATH=/home/tool/gcc/gcc-10.3.0/libexec/gcc/x86_64-pc-linux-gnu/10.3.0/:/home/tool/gcc/gcc-10.3.0/libexec/gcc/x86_64-pc-linux-gnu/10.3.0/:/home/tool/gcc/gcc-10.3.0/libexec/gcc/x86_64-pc-linux-gnu/:/home/tool/gcc/gcc-10.3.0/lib/gcc/x86_64-pc-linux-gnu/10.3.0/:/home/tool/gcc/gcc-10.3.0/lib/gcc/x86_64-pc-linux-gnu/
LIBRARY_PATH=/home/tool/gcc/gcc-10.3.0/lib64/../lib64/:/home/tool/gcc/gcc-10.3.0/lib/../lib64/:/home/tool/gcc/gcc-10.3.0/lib/gcc/x86_64-pc-linux-gnu/10.3.0/:/home/tool/gcc/gcc-10.3.0/lib/gcc/x86_64-pc-linux-gnu/10.3.0/../../../../lib64/:/lib/../lib64/:/usr/lib/../lib64/:/home/tool/gcc/gcc-10.3.0/lib64/:/home/tool/gcc/gcc-10.3.0/lib/:/home/tool/gcc/gcc-10.3.0/lib/gcc/x86_64-pc-linux-gnu/10.3.0/../../../:/lib/:/usr/lib/
COLLECT_GCC_OPTIONS='-v' '-o' 'CMakeFiles/cmTC_eb6a0.dir/CMakeCXXCompilerABI.cpp.o' '-c' '-shared-libgcc' '-mtune=generic' '-march=x86-64'
Linking CXX executable cmTC_eb6a0
/home/tool/cmake/cmake-3.18.0-rc2-Linux-x86_64/bin/cmake -E cmake_link_script CMakeFiles/cmTC_eb6a0.dir/link.txt --verbose=1
/home/tool/gcc/gcc-10.3.0/bin/g++  -v -rdynamic CMakeFiles/cmTC_eb6a0.dir/CMakeCXXCompilerABI.cpp.o -o cmTC_eb6a0 
Using built-in specs.
COLLECT_GCC=/home/tool/gcc/gcc-10.3.0/bin/g++
COLLECT_LTO_WRAPPER=/home/tool/gcc/gcc-10.3.0/libexec/gcc/x86_64-pc-linux-gnu/10.3.0/lto-wrapper
Target: x86_64-pc-linux-gnu
Configured with: ../gcc-10.3.0/configure --prefix=/home/tool/gcc/gcc-10.3.0
Thread model: posix
Supported LTO compression algorithms: zlib
gcc version 10.3.0 (GCC) 
COMPILER_PATH=/home/tool/gcc/gcc-10.3.0/libexec/gcc/x86_64-pc-linux-gnu/10.3.0/:/home/tool/gcc/gcc-10.3.0/libexec/gcc/x86_64-pc-linux-gnu/10.3.0/:/home/tool/gcc/gcc-10.3.0/libexec/gcc/x86_64-pc-linux-gnu/:/home/tool/gcc/gcc-10.3.0/lib/gcc/x86_64-pc-linux-gnu/10.3.0/:/home/tool/gcc/gcc-10.3.0/lib/gcc/x86_64-pc-linux-gnu/
LIBRARY_PATH=/home/tool/gcc/gcc-10.3.0/lib64/../lib64/:/home/tool/gcc/gcc-10.3.0/lib/../lib64/:/home/tool/gcc/gcc-10.3.0/lib/gcc/x86_64-pc-linux-gnu/10.3.0/:/home/tool/gcc/gcc-10.3.0/lib/gcc/x86_64-pc-linux-gnu/10.3.0/../../../../lib64/:/lib/../lib64/:/usr/lib/../lib64/:/home/tool/gcc/gcc-10.3.0/lib64/:/home/tool/gcc/gcc-10.3.0/lib/:/home/tool/gcc/gcc-10.3.0/lib/gcc/x86_64-pc-linux-gnu/10.3.0/../../../:/lib/:/usr/lib/
COLLECT_GCC_OPTIONS='-v' '-rdynamic' '-o' 'cmTC_eb6a0' '-shared-libgcc' '-mtune=generic' '-march=x86-64'
 /home/tool/gcc/gcc-10.3.0/libexec/gcc/x86_64-pc-linux-gnu/10.3.0/collect2 -plugin /home/tool/gcc/gcc-10.3.0/libexec/gcc/x86_64-pc-linux-gnu/10.3.0/liblto_plugin.so -plugin-opt=/home/tool/gcc/gcc-10.3.0/libexec/gcc/x86_64-pc-linux-gnu/10.3.0/lto-wrapper -plugin-opt=-fresolution=/tmp/cczoi5Wm.res -plugin-opt=-pass-through=-lgcc_s -plugin-opt=-pass-through=-lgcc -plugin-opt=-pass-through=-lc -plugin-opt=-pass-through=-lgcc_s -plugin-opt=-pass-through=-lgcc --eh-frame-hdr -m elf_x86_64 -export-dynamic -dynamic-linker /lib64/ld-linux-x86-64.so.2 -o cmTC_eb6a0 /lib/../lib64/crt1.o /lib/../lib64/crti.o /home/tool/gcc/gcc-10.3.0/lib/gcc/x86_64-pc-linux-gnu/10.3.0/crtbegin.o -L/home/tool/gcc/gcc-10.3.0/lib64/../lib64 -L/home/tool/gcc/gcc-10.3.0/lib/../lib64 -L/home/tool/gcc/gcc-10.3.0/lib/gcc/x86_64-pc-linux-gnu/10.3.0 -L/home/tool/gcc/gcc-10.3.0/lib/gcc/x86_64-pc-linux-gnu/10.3.0/../../../../lib64 -L/lib/../lib64 -L/usr/lib/../lib64 -L/home/tool/gcc/gcc-10.3.0/lib64 -L/home/tool/gcc/gcc-10.3.0/lib -L/home/tool/gcc/gcc-10.3.0/lib/gcc/x86_64-pc-linux-gnu/10.3.0/../../.. CMakeFiles/cmTC_eb6a0.dir/CMakeCXXCompilerABI.cpp.o -lstdc++ -lm -lgcc_s -lgcc -lc -lgcc_s -lgcc /home/tool/gcc/gcc-10.3.0/lib/gcc/x86_64-pc-linux-gnu/10.3.0/crtend.o /lib/../lib64/crtn.o
COLLECT_GCC_OPTIONS='-v' '-rdynamic' '-o' 'cmTC_eb6a0' '-shared-libgcc' '-mtune=generic' '-march=x86-64'
gmake[1]: warning:  Clock skew detected.  Your build may be incomplete.
gmake[1]: Leaving directory '/home/memzfs_projects/sdcGen/RL-STDGen/DP-placer/MAKE/PLACE/csyn_fp/build/CMakeFiles/CMakeTmp'
gmake: warning:  Clock skew detected.  Your build may be incomplete.



Parsed CXX implicit include dir info from above output: rv=done
  found start of include info
  found start of implicit include info
    add: [/home/tool/gcc/gcc-10.3.0/lib/gcc/x86_64-pc-linux-gnu/10.3.0/../../../../include/c++/10.3.0]
    add: [/home/tool/gcc/gcc-10.3.0/lib/gcc/x86_64-pc-linux-gnu/10.3.0/../../../../include/c++/10.3.0/x86_64-pc-linux-gnu]
    add: [/home/tool/gcc/gcc-10.3.0/lib/gcc/x86_64-pc-linux-gnu/10.3.0/../../../../include/c++/10.3.0/backward]
    add: [/home/tool/gcc/gcc-10.3.0/lib/gcc/x86_64-pc-linux-gnu/10.3.0/include]
    add: [/usr/local/include]
    add: [/home/tool/gcc/gcc-10.3.0/include]
    add: [/home/tool/gcc/gcc-10.3.0/lib/gcc/x86_64-pc-linux-gnu/10.3.0/include-fixed]
    add: [/usr/include]
  end of search list found
  collapse include dir [/home/tool/gcc/gcc-10.3.0/lib/gcc/x86_64-pc-linux-gnu/10.3.0/../../../../include/c++/10.3.0] ==> [/home/tool/gcc/gcc-10.3.0/include/c++/10.3.0]
  collapse include dir [/home/tool/gcc/gcc-10.3.0/lib/gcc/x86_64-pc-linux-gnu/10.3.0/../../../../include/c++/10.3.0/x86_64-pc-linux-gnu] ==> [/home/tool/gcc/gcc-10.3.0/include/c++/10.3.0/x86_64-pc-linux-gnu]
  collapse include dir [/home/tool/gcc/gcc-10.3.0/lib/gcc/x86_64-pc-linux-gnu/10.3.0/../../../../include/c++/10.3.0/backward] ==> [/home/tool/gcc/gcc-10.3.0/include/c++/10.3.0/backward]
  collapse include dir [/home/tool/gcc/gcc-10.3.0/lib/gcc/x86_64-pc-linux-gnu/10.3.0/include] ==> [/home/tool/gcc/gcc-10.3.0/lib/gcc/x86_64-pc-linux-gnu/10.3.0/include]
  collapse include dir [/usr/local/include] ==> [/usr/local/include]
  collapse include dir [/home/tool/gcc/gcc-10.3.0/include] ==> [/home/tool/gcc/gcc-10.3.0/include]
  collapse include dir [/home/tool/gcc/gcc-10.3.0/lib/gcc/x86_64-pc-linux-gnu/10.3.0/include-fixed] ==> [/home/tool/gcc/gcc-10.3.0/lib/gcc/x86_64-pc-linux-gnu/10.3.0/include-fixed]
  collapse include dir [/usr/include] ==> [/usr/include]
  implicit include dirs: [/home/tool/gcc/gcc-10.3.0/include/c++/10.3.0;/home/tool/gcc/gcc-10.3.0/include/c++/10.3.0/x86_64-pc-linux-gnu;/home/tool/gcc/gcc-10.3.0/include/c++/10.3.0/backward;/home/tool/gcc/gcc-10.3.0/lib/gcc/x86_64-pc-linux-gnu/10.3.0/include;/usr/local/include;/home/tool/gcc/gcc-10.3.0/include;/home/tool/gcc/gcc-10.3.0/lib/gcc/x86_64-pc-linux-gnu/10.3.0/include-fixed;/usr/include]


Parsed CXX implicit link information from above output:
  link line regex: [^( *|.*[/\])(ld|CMAKE_LINK_STARTFILE-NOTFOUND|([^/\]+-)?ld|collect2)[^/\]*( |$)]
  ignore line: [Change Dir: /home/memzfs_projects/sdcGen/RL-STDGen/DP-placer/MAKE/PLACE/csyn_fp/build/CMakeFiles/CMakeTmp]
  ignore line: []
  ignore line: [Run Build Command(s):/usr/bin/gmake cmTC_eb6a0/fast && gmake: Warning: File 'Makefile' has modification time 0.92 s in the future]
  ignore line: [/usr/bin/gmake  -f CMakeFiles/cmTC_eb6a0.dir/build.make CMakeFiles/cmTC_eb6a0.dir/build]
  ignore line: [gmake[1]: Entering directory '/home/memzfs_projects/sdcGen/RL-STDGen/DP-placer/MAKE/PLACE/csyn_fp/build/CMakeFiles/CMakeTmp']
  ignore line: [gmake[1]: Warning: File 'CMakeFiles/cmTC_eb6a0.dir/flags.make' has modification time 0.91 s in the future]
  ignore line: [Building CXX object CMakeFiles/cmTC_eb6a0.dir/CMakeCXXCompilerABI.cpp.o]
  ignore line: [/home/tool/gcc/gcc-10.3.0/bin/g++   -v -o CMakeFiles/cmTC_eb6a0.dir/CMakeCXXCompilerABI.cpp.o -c /home/tool/cmake/cmake-3.18.0-rc2-Linux-x86_64/share/cmake-3.18/Modules/CMakeCXXCompilerABI.cpp]
  ignore line: [Using built-in specs.]
  ignore line: [COLLECT_GCC=/home/tool/gcc/gcc-10.3.0/bin/g++]
  ignore line: [Target: x86_64-pc-linux-gnu]
  ignore line: [Configured with: ../gcc-10.3.0/configure --prefix=/home/tool/gcc/gcc-10.3.0]
  ignore line: [Thread model: posix]
  ignore line: [Supported LTO compression algorithms: zlib]
  ignore line: [gcc version 10.3.0 (GCC) ]
  ignore line: [COLLECT_GCC_OPTIONS='-v' '-o' 'CMakeFiles/cmTC_eb6a0.dir/CMakeCXXCompilerABI.cpp.o' '-c' '-shared-libgcc' '-mtune=generic' '-march=x86-64']
  ignore line: [ /home/tool/gcc/gcc-10.3.0/libexec/gcc/x86_64-pc-linux-gnu/10.3.0/cc1plus -quiet -v -D_GNU_SOURCE /home/tool/cmake/cmake-3.18.0-rc2-Linux-x86_64/share/cmake-3.18/Modules/CMakeCXXCompilerABI.cpp -quiet -dumpbase CMakeCXXCompilerABI.cpp -mtune=generic -march=x86-64 -auxbase-strip CMakeFiles/cmTC_eb6a0.dir/CMakeCXXCompilerABI.cpp.o -version -o /tmp/cc8HvSzM.s]
  ignore line: [GNU C++14 (GCC) version 10.3.0 (x86_64-pc-linux-gnu)]
  ignore line: [	compiled by GNU C version 10.3.0  GMP version 6.1.0  MPFR version 3.1.4  MPC version 1.0.3  isl version isl-0.18-GMP]
  ignore line: []
  ignore line: [GGC heuristics: --param ggc-min-expand=100 --param ggc-min-heapsize=131072]
  ignore line: [ignoring nonexistent directory "/home/tool/gcc/gcc-10.3.0/lib/gcc/x86_64-pc-linux-gnu/10.3.0/../../../../x86_64-pc-linux-gnu/include"]
  ignore line: [#include "..." search starts here:]
  ignore line: [#include <...> search starts here:]
  ignore line: [ /home/tool/gcc/gcc-10.3.0/lib/gcc/x86_64-pc-linux-gnu/10.3.0/../../../../include/c++/10.3.0]
  ignore line: [ /home/tool/gcc/gcc-10.3.0/lib/gcc/x86_64-pc-linux-gnu/10.3.0/../../../../include/c++/10.3.0/x86_64-pc-linux-gnu]
  ignore line: [ /home/tool/gcc/gcc-10.3.0/lib/gcc/x86_64-pc-linux-gnu/10.3.0/../../../../include/c++/10.3.0/backward]
  ignore line: [ /home/tool/gcc/gcc-10.3.0/lib/gcc/x86_64-pc-linux-gnu/10.3.0/include]
  ignore line: [ /usr/local/include]
  ignore line: [ /home/tool/gcc/gcc-10.3.0/include]
  ignore line: [ /home/tool/gcc/gcc-10.3.0/lib/gcc/x86_64-pc-linux-gnu/10.3.0/include-fixed]
  ignore line: [ /usr/include]
  ignore line: [End of search list.]
  ignore line: [GNU C++14 (GCC) version 10.3.0 (x86_64-pc-linux-gnu)]
  ignore line: [	compiled by GNU C version 10.3.0  GMP version 6.1.0  MPFR version 3.1.4  MPC version 1.0.3  isl version isl-0.18-GMP]
  ignore line: []
  ignore line: [GGC heuristics: --param ggc-min-expand=100 --param ggc-min-heapsize=131072]
  ignore line: [Compiler executable checksum: aadd4f03b5f91241e696d631ff85abe7]
  ignore line: [COLLECT_GCC_OPTIONS='-v' '-o' 'CMakeFiles/cmTC_eb6a0.dir/CMakeCXXCompilerABI.cpp.o' '-c' '-shared-libgcc' '-mtune=generic' '-march=x86-64']
  ignore line: [ as -v --64 -o CMakeFiles/cmTC_eb6a0.dir/CMakeCXXCompilerABI.cpp.o /tmp/cc8HvSzM.s]
  ignore line: [GNU assembler version 2.30 (x86_64-redhat-linux) using BFD version version 2.30-123.el8]
  ignore line: [COMPILER_PATH=/home/tool/gcc/gcc-10.3.0/libexec/gcc/x86_64-pc-linux-gnu/10.3.0/:/home/tool/gcc/gcc-10.3.0/libexec/gcc/x86_64-pc-linux-gnu/10.3.0/:/home/tool/gcc/gcc-10.3.0/libexec/gcc/x86_64-pc-linux-gnu/:/home/tool/gcc/gcc-10.3.0/lib/gcc/x86_64-pc-linux-gnu/10.3.0/:/home/tool/gcc/gcc-10.3.0/lib/gcc/x86_64-pc-linux-gnu/]
  ignore line: [LIBRARY_PATH=/home/tool/gcc/gcc-10.3.0/lib64/../lib64/:/home/tool/gcc/gcc-10.3.0/lib/../lib64/:/home/tool/gcc/gcc-10.3.0/lib/gcc/x86_64-pc-linux-gnu/10.3.0/:/home/tool/gcc/gcc-10.3.0/lib/gcc/x86_64-pc-linux-gnu/10.3.0/../../../../lib64/:/lib/../lib64/:/usr/lib/../lib64/:/home/tool/gcc/gcc-10.3.0/lib64/:/home/tool/gcc/gcc-10.3.0/lib/:/home/tool/gcc/gcc-10.3.0/lib/gcc/x86_64-pc-linux-gnu/10.3.0/../../../:/lib/:/usr/lib/]
  ignore line: [COLLECT_GCC_OPTIONS='-v' '-o' 'CMakeFiles/cmTC_eb6a0.dir/CMakeCXXCompilerABI.cpp.o' '-c' '-shared-libgcc' '-mtune=generic' '-march=x86-64']
  ignore line: [Linking CXX executable cmTC_eb6a0]
  ignore line: [/home/tool/cmake/cmake-3.18.0-rc2-Linux-x86_64/bin/cmake -E cmake_link_script CMakeFiles/cmTC_eb6a0.dir/link.txt --verbose=1]
  ignore line: [/home/tool/gcc/gcc-10.3.0/bin/g++  -v -rdynamic CMakeFiles/cmTC_eb6a0.dir/CMakeCXXCompilerABI.cpp.o -o cmTC_eb6a0 ]
  ignore line: [Using built-in specs.]
  ignore line: [COLLECT_GCC=/home/tool/gcc/gcc-10.3.0/bin/g++]
  ignore line: [COLLECT_LTO_WRAPPER=/home/tool/gcc/gcc-10.3.0/libexec/gcc/x86_64-pc-linux-gnu/10.3.0/lto-wrapper]
  ignore line: [Target: x86_64-pc-linux-gnu]
  ignore line: [Configured with: ../gcc-10.3.0/configure --prefix=/home/tool/gcc/gcc-10.3.0]
  ignore line: [Thread model: posix]
  ignore line: [Supported LTO compression algorithms: zlib]
  ignore line: [gcc version 10.3.0 (GCC) ]
  ignore line: [COMPILER_PATH=/home/tool/gcc/gcc-10.3.0/libexec/gcc/x86_64-pc-linux-gnu/10.3.0/:/home/tool/gcc/gcc-10.3.0/libexec/gcc/x86_64-pc-linux-gnu/10.3.0/:/home/tool/gcc/gcc-10.3.0/libexec/gcc/x86_64-pc-linux-gnu/:/home/tool/gcc/gcc-10.3.0/lib/gcc/x86_64-pc-linux-gnu/10.3.0/:/home/tool/gcc/gcc-10.3.0/lib/gcc/x86_64-pc-linux-gnu/]
  ignore line: [LIBRARY_PATH=/home/tool/gcc/gcc-10.3.0/lib64/../lib64/:/home/tool/gcc/gcc-10.3.0/lib/../lib64/:/home/tool/gcc/gcc-10.3.0/lib/gcc/x86_64-pc-linux-gnu/10.3.0/:/home/tool/gcc/gcc-10.3.0/lib/gcc/x86_64-pc-linux-gnu/10.3.0/../../../../lib64/:/lib/../lib64/:/usr/lib/../lib64/:/home/tool/gcc/gcc-10.3.0/lib64/:/home/tool/gcc/gcc-10.3.0/lib/:/home/tool/gcc/gcc-10.3.0/lib/gcc/x86_64-pc-linux-gnu/10.3.0/../../../:/lib/:/usr/lib/]
  ignore line: [COLLECT_GCC_OPTIONS='-v' '-rdynamic' '-o' 'cmTC_eb6a0' '-shared-libgcc' '-mtune=generic' '-march=x86-64']
  link line: [ /home/tool/gcc/gcc-10.3.0/libexec/gcc/x86_64-pc-linux-gnu/10.3.0/collect2 -plugin /home/tool/gcc/gcc-10.3.0/libexec/gcc/x86_64-pc-linux-gnu/10.3.0/liblto_plugin.so -plugin-opt=/home/tool/gcc/gcc-10.3.0/libexec/gcc/x86_64-pc-linux-gnu/10.3.0/lto-wrapper -plugin-opt=-fresolution=/tmp/cczoi5Wm.res -plugin-opt=-pass-through=-lgcc_s -plugin-opt=-pass-through=-lgcc -plugin-opt=-pass-through=-lc -plugin-opt=-pass-through=-lgcc_s -plugin-opt=-pass-through=-lgcc --eh-frame-hdr -m elf_x86_64 -export-dynamic -dynamic-linker /lib64/ld-linux-x86-64.so.2 -o cmTC_eb6a0 /lib/../lib64/crt1.o /lib/../lib64/crti.o /home/tool/gcc/gcc-10.3.0/lib/gcc/x86_64-pc-linux-gnu/10.3.0/crtbegin.o -L/home/tool/gcc/gcc-10.3.0/lib64/../lib64 -L/home/tool/gcc/gcc-10.3.0/lib/../lib64 -L/home/tool/gcc/gcc-10.3.0/lib/gcc/x86_64-pc-linux-gnu/10.3.0 -L/home/tool/gcc/gcc-10.3.0/lib/gcc/x86_64-pc-linux-gnu/10.3.0/../../../../lib64 -L/lib/../lib64 -L/usr/lib/../lib64 -L/home/tool/gcc/gcc-10.3.0/lib64 -L/home/tool/gcc/gcc-10.3.0/lib -L/home/tool/gcc/gcc-10.3.0/lib/gcc/x86_64-pc-linux-gnu/10.3.0/../../.. CMakeFiles/cmTC_eb6a0.dir/CMakeCXXCompilerABI.cpp.o -lstdc++ -lm -lgcc_s -lgcc -lc -lgcc_s -lgcc /home/tool/gcc/gcc-10.3.0/lib/gcc/x86_64-pc-linux-gnu/10.3.0/crtend.o /lib/../lib64/crtn.o]
    arg [/home/tool/gcc/gcc-10.3.0/libexec/gcc/x86_64-pc-linux-gnu/10.3.0/collect2] ==> ignore
    arg [-plugin] ==> ignore
    arg [/home/tool/gcc/gcc-10.3.0/libexec/gcc/x86_64-pc-linux-gnu/10.3.0/liblto_plugin.so] ==> ignore
    arg [-plugin-opt=/home/tool/gcc/gcc-10.3.0/libexec/gcc/x86_64-pc-linux-gnu/10.3.0/lto-wrapper] ==> ignore
    arg [-plugin-opt=-fresolution=/tmp/cczoi5Wm.res] ==> ignore
    arg [-plugin-opt=-pass-through=-lgcc_s] ==> ignore
    arg [-plugin-opt=-pass-through=-lgcc] ==> ignore
    arg [-plugin-opt=-pass-through=-lc] ==> ignore
    arg [-plugin-opt=-pass-through=-lgcc_s] ==> ignore
    arg [-plugin-opt=-pass-through=-lgcc] ==> ignore
    arg [--eh-frame-hdr] ==> ignore
    arg [-m] ==> ignore
    arg [elf_x86_64] ==> ignore
    arg [-export-dynamic] ==> ignore
    arg [-dynamic-linker] ==> ignore
    arg [/lib64/ld-linux-x86-64.so.2] ==> ignore
    arg [-o] ==> ignore
    arg [cmTC_eb6a0] ==> ignore
    arg [/lib/../lib64/crt1.o] ==> ignore
    arg [/lib/../lib64/crti.o] ==> ignore
    arg [/home/tool/gcc/gcc-10.3.0/lib/gcc/x86_64-pc-linux-gnu/10.3.0/crtbegin.o] ==> ignore
    arg [-L/home/tool/gcc/gcc-10.3.0/lib64/../lib64] ==> dir [/home/tool/gcc/gcc-10.3.0/lib64/../lib64]
    arg [-L/home/tool/gcc/gcc-10.3.0/lib/../lib64] ==> dir [/home/tool/gcc/gcc-10.3.0/lib/../lib64]
    arg [-L/home/tool/gcc/gcc-10.3.0/lib/gcc/x86_64-pc-linux-gnu/10.3.0] ==> dir [/home/tool/gcc/gcc-10.3.0/lib/gcc/x86_64-pc-linux-gnu/10.3.0]
    arg [-L/home/tool/gcc/gcc-10.3.0/lib/gcc/x86_64-pc-linux-gnu/10.3.0/../../../../lib64] ==> dir [/home/tool/gcc/gcc-10.3.0/lib/gcc/x86_64-pc-linux-gnu/10.3.0/../../../../lib64]
    arg [-L/lib/../lib64] ==> dir [/lib/../lib64]
    arg [-L/usr/lib/../lib64] ==> dir [/usr/lib/../lib64]
    arg [-L/home/tool/gcc/gcc-10.3.0/lib64] ==> dir [/home/tool/gcc/gcc-10.3.0/lib64]
    arg [-L/home/tool/gcc/gcc-10.3.0/lib] ==> dir [/home/tool/gcc/gcc-10.3.0/lib]
    arg [-L/home/tool/gcc/gcc-10.3.0/lib/gcc/x86_64-pc-linux-gnu/10.3.0/../../..] ==> dir [/home/tool/gcc/gcc-10.3.0/lib/gcc/x86_64-pc-linux-gnu/10.3.0/../../..]
    arg [CMakeFiles/cmTC_eb6a0.dir/CMakeCXXCompilerABI.cpp.o] ==> ignore
    arg [-lstdc++] ==> lib [stdc++]
    arg [-lm] ==> lib [m]
    arg [-lgcc_s] ==> lib [gcc_s]
    arg [-lgcc] ==> lib [gcc]
    arg [-lc] ==> lib [c]
    arg [-lgcc_s] ==> lib [gcc_s]
    arg [-lgcc] ==> lib [gcc]
    arg [/home/tool/gcc/gcc-10.3.0/lib/gcc/x86_64-pc-linux-gnu/10.3.0/crtend.o] ==> ignore
    arg [/lib/../lib64/crtn.o] ==> ignore
  collapse library dir [/home/tool/gcc/gcc-10.3.0/lib64/../lib64] ==> [/home/tool/gcc/gcc-10.3.0/lib64]
  collapse library dir [/home/tool/gcc/gcc-10.3.0/lib/../lib64] ==> [/home/tool/gcc/gcc-10.3.0/lib64]
  collapse library dir [/home/tool/gcc/gcc-10.3.0/lib/gcc/x86_64-pc-linux-gnu/10.3.0] ==> [/home/tool/gcc/gcc-10.3.0/lib/gcc/x86_64-pc-linux-gnu/10.3.0]
  collapse library dir [/home/tool/gcc/gcc-10.3.0/lib/gcc/x86_64-pc-linux-gnu/10.3.0/../../../../lib64] ==> [/home/tool/gcc/gcc-10.3.0/lib64]
  collapse library dir [/lib/../lib64] ==> [/lib64]
  collapse library dir [/usr/lib/../lib64] ==> [/usr/lib64]
  collapse library dir [/home/tool/gcc/gcc-10.3.0/lib64] ==> [/home/tool/gcc/gcc-10.3.0/lib64]
  collapse library dir [/home/tool/gcc/gcc-10.3.0/lib] ==> [/home/tool/gcc/gcc-10.3.0/lib]
  collapse library dir [/home/tool/gcc/gcc-10.3.0/lib/gcc/x86_64-pc-linux-gnu/10.3.0/../../..] ==> [/home/tool/gcc/gcc-10.3.0/lib]
  implicit libs: [stdc++;m;gcc_s;gcc;c;gcc_s;gcc]
  implicit dirs: [/home/tool/gcc/gcc-10.3.0/lib64;/home/tool/gcc/gcc-10.3.0/lib/gcc/x86_64-pc-linux-gnu/10.3.0;/lib64;/usr/lib64;/home/tool/gcc/gcc-10.3.0/lib]
  implicit fwks: []


Determining if the include file pthread.h exists passed with the following output:
Change Dir: /home/memzfs_projects/sdcGen/RL-STDGen/DP-placer/MAKE/PLACE/csyn_fp/build/CMakeFiles/CMakeTmp

Run Build Command(s):/usr/bin/gmake cmTC_c7da0/fast && gmake: Warning: File 'Makefile' has modification time 0.92 s in the future
/usr/bin/gmake  -f CMakeFiles/cmTC_c7da0.dir/build.make CMakeFiles/cmTC_c7da0.dir/build
gmake[1]: Entering directory '/home/memzfs_projects/sdcGen/RL-STDGen/DP-placer/MAKE/PLACE/csyn_fp/build/CMakeFiles/CMakeTmp'
gmake[1]: Warning: File 'CMakeFiles/cmTC_c7da0.dir/flags.make' has modification time 0.91 s in the future
Building C object CMakeFiles/cmTC_c7da0.dir/CheckIncludeFile.c.o
/home/tool/gcc/gcc-10.3.0/bin/gcc    -o CMakeFiles/cmTC_c7da0.dir/CheckIncludeFile.c.o -c /home/memzfs_projects/sdcGen/RL-STDGen/DP-placer/MAKE/PLACE/csyn_fp/build/CMakeFiles/CMakeTmp/CheckIncludeFile.c
Linking C executable cmTC_c7da0
/home/tool/cmake/cmake-3.18.0-rc2-Linux-x86_64/bin/cmake -E cmake_link_script CMakeFiles/cmTC_c7da0.dir/link.txt --verbose=1
/home/tool/gcc/gcc-10.3.0/bin/gcc -rdynamic CMakeFiles/cmTC_c7da0.dir/CheckIncludeFile.c.o -o cmTC_c7da0 
gmake[1]: warning:  Clock skew detected.  Your build may be incomplete.
gmake[1]: Leaving directory '/home/memzfs_projects/sdcGen/RL-STDGen/DP-placer/MAKE/PLACE/csyn_fp/build/CMakeFiles/CMakeTmp'
gmake: warning:  Clock skew detected.  Your build may be incomplete.



