Performing C SOURCE FILE Test CMAKE_HAVE_LIBC_PTHREAD failed with the following output:
Change Dir: /home/memzfs_projects/sdcGen/RL-STDGen/DP-placer/MAKE/PLACE/csyn_fp/build/CMakeFiles/CMakeTmp

Run Build Command(s):/usr/bin/gmake cmTC_33e9b/fast && gmake: Warning: File 'Makefile' has modification time 0.92 s in the future
/usr/bin/gmake  -f CMakeFiles/cmTC_33e9b.dir/build.make CMakeFiles/cmTC_33e9b.dir/build
gmake[1]: Entering directory '/home/memzfs_projects/sdcGen/RL-STDGen/DP-placer/MAKE/PLACE/csyn_fp/build/CMakeFiles/CMakeTmp'
gmake[1]: Warning: File 'CMakeFiles/cmTC_33e9b.dir/flags.make' has modification time 0.91 s in the future
Building C object CMakeFiles/cmTC_33e9b.dir/src.c.o
/home/tool/gcc/gcc-10.3.0/bin/gcc   -DCMAKE_HAVE_LIBC_PTHREAD -o CMakeFiles/cmTC_33e9b.dir/src.c.o -c /home/memzfs_projects/sdcGen/RL-STDGen/DP-placer/MAKE/PLACE/csyn_fp/build/CMakeFiles/CMakeTmp/src.c
Linking C executable cmTC_33e9b
/home/tool/cmake/cmake-3.18.0-rc2-Linux-x86_64/bin/cmake -E cmake_link_script CMakeFiles/cmTC_33e9b.dir/link.txt --verbose=1
/home/tool/gcc/gcc-10.3.0/bin/gcc  -DCMAKE_HAVE_LIBC_PTHREAD -rdynamic CMakeFiles/cmTC_33e9b.dir/src.c.o -o cmTC_33e9b 
CMakeFiles/cmTC_33e9b.dir/src.c.o: In function `main':
src.c:(.text+0x2d): undefined reference to `pthread_create'
src.c:(.text+0x39): undefined reference to `pthread_detach'
src.c:(.text+0x45): undefined reference to `pthread_cancel'
src.c:(.text+0x56): undefined reference to `pthread_join'
collect2: error: ld returned 1 exit status
gmake[1]: *** [CMakeFiles/cmTC_33e9b.dir/build.make:107: cmTC_33e9b] Error 1
gmake[1]: Leaving directory '/home/memzfs_projects/sdcGen/RL-STDGen/DP-placer/MAKE/PLACE/csyn_fp/build/CMakeFiles/CMakeTmp'
gmake: *** [Makefile:141: cmTC_33e9b/fast] Error 2


Source file was:
#include <pthread.h>

void* test_func(void* data)
{
  return data;
}

int main(void)
{
  pthread_t thread;
  pthread_create(&thread, NULL, test_func, NULL);
  pthread_detach(thread);
  pthread_cancel(thread);
  pthread_join(thread, NULL);
  pthread_atfork(NULL, NULL, NULL);
  pthread_exit(NULL);

  return 0;
}

